[debug] [2022-09-16T07:54:58.418Z] ----------------------------------------------------------------------
[debug] [2022-09-16T07:54:58.420Z] Command:       /usr/local/bin/node /usr/local/bin/firebase deploy
[debug] [2022-09-16T07:54:58.420Z] CLI Version:   11.8.0
[debug] [2022-09-16T07:54:58.420Z] Platform:      linux
[debug] [2022-09-16T07:54:58.420Z] Node Version:  v16.17.0
[debug] [2022-09-16T07:54:58.421Z] Time:          Fri Sep 16 2022 16:54:58 GMT+0900 (대한민국 표준시)
[debug] [2022-09-16T07:54:58.421Z] ----------------------------------------------------------------------
[debug] 
[debug] [2022-09-16T07:54:58.478Z] > command requires scopes: ["email","openid","https://www.googleapis.com/auth/cloudplatformprojects.readonly","https://www.googleapis.com/auth/firebase","https://www.googleapis.com/auth/cloud-platform"]
[debug] [2022-09-16T07:54:58.479Z] > authorizing via signed-in user (yoondev3434@gmail.com)
[debug] [2022-09-16T07:54:58.479Z] [iam] checking project sarammoa-cc444 for permissions ["cloudfunctions.functions.create","cloudfunctions.functions.delete","cloudfunctions.functions.get","cloudfunctions.functions.list","cloudfunctions.functions.update","cloudfunctions.operations.get","datastore.indexes.create","datastore.indexes.delete","datastore.indexes.list","datastore.indexes.update","firebase.projects.get","firebasehosting.sites.update","firebaserules.releases.create","firebaserules.releases.update","firebaserules.rulesets.create"]
[debug] [2022-09-16T07:54:58.480Z] > refreshing access token with scopes: []
[debug] [2022-09-16T07:54:58.481Z] >>> [apiv2][query] POST https://www.googleapis.com/oauth2/v3/token [none]
[debug] [2022-09-16T07:54:58.481Z] >>> [apiv2][body] POST https://www.googleapis.com/oauth2/v3/token [omitted]
[debug] [2022-09-16T07:54:58.793Z] <<< [apiv2][status] POST https://www.googleapis.com/oauth2/v3/token 200
[debug] [2022-09-16T07:54:58.794Z] <<< [apiv2][body] POST https://www.googleapis.com/oauth2/v3/token [omitted]
[debug] [2022-09-16T07:54:58.809Z] >>> [apiv2][query] POST https://cloudresourcemanager.googleapis.com/v1/projects/sarammoa-cc444:testIamPermissions [none]
[debug] [2022-09-16T07:54:58.810Z] >>> [apiv2][(partial)header] POST https://cloudresourcemanager.googleapis.com/v1/projects/sarammoa-cc444:testIamPermissions x-goog-quota-user=projects/sarammoa-cc444
[debug] [2022-09-16T07:54:58.810Z] >>> [apiv2][body] POST https://cloudresourcemanager.googleapis.com/v1/projects/sarammoa-cc444:testIamPermissions {"permissions":["cloudfunctions.functions.create","cloudfunctions.functions.delete","cloudfunctions.functions.get","cloudfunctions.functions.list","cloudfunctions.functions.update","cloudfunctions.operations.get","datastore.indexes.create","datastore.indexes.delete","datastore.indexes.list","datastore.indexes.update","firebase.projects.get","firebasehosting.sites.update","firebaserules.releases.create","firebaserules.releases.update","firebaserules.rulesets.create"]}
[debug] [2022-09-16T07:54:59.747Z] <<< [apiv2][status] POST https://cloudresourcemanager.googleapis.com/v1/projects/sarammoa-cc444:testIamPermissions 200
[debug] [2022-09-16T07:54:59.748Z] <<< [apiv2][body] POST https://cloudresourcemanager.googleapis.com/v1/projects/sarammoa-cc444:testIamPermissions {"permissions":["cloudfunctions.functions.create","cloudfunctions.functions.delete","cloudfunctions.functions.get","cloudfunctions.functions.list","cloudfunctions.functions.update","cloudfunctions.operations.get","datastore.indexes.create","datastore.indexes.delete","datastore.indexes.list","datastore.indexes.update","firebase.projects.get","firebasehosting.sites.update","firebaserules.releases.create","firebaserules.releases.update","firebaserules.rulesets.create"]}
[debug] [2022-09-16T07:54:59.749Z] >>> [apiv2][query] POST https://iam.googleapis.com/v1/projects/sarammoa-cc444/serviceAccounts/sarammoa-cc444@appspot.gserviceaccount.com:testIamPermissions [none]
[debug] [2022-09-16T07:54:59.750Z] >>> [apiv2][body] POST https://iam.googleapis.com/v1/projects/sarammoa-cc444/serviceAccounts/sarammoa-cc444@appspot.gserviceaccount.com:testIamPermissions {"permissions":["iam.serviceAccounts.actAs"]}
[debug] [2022-09-16T07:55:00.668Z] <<< [apiv2][status] POST https://iam.googleapis.com/v1/projects/sarammoa-cc444/serviceAccounts/sarammoa-cc444@appspot.gserviceaccount.com:testIamPermissions 200
[debug] [2022-09-16T07:55:00.669Z] <<< [apiv2][body] POST https://iam.googleapis.com/v1/projects/sarammoa-cc444/serviceAccounts/sarammoa-cc444@appspot.gserviceaccount.com:testIamPermissions {"permissions":["iam.serviceAccounts.actAs"]}
[debug] [2022-09-16T07:55:00.673Z] >>> [apiv2][query] GET https://firebase.googleapis.com/v1beta1/projects/sarammoa-cc444 [none]
[debug] [2022-09-16T07:55:01.184Z] <<< [apiv2][status] GET https://firebase.googleapis.com/v1beta1/projects/sarammoa-cc444 200
[debug] [2022-09-16T07:55:01.184Z] <<< [apiv2][body] GET https://firebase.googleapis.com/v1beta1/projects/sarammoa-cc444 {"projectId":"sarammoa-cc444","projectNumber":"1090766667506","displayName":"sarammoa","name":"projects/sarammoa-cc444","resources":{"hostingSite":"sarammoa-cc444","storageBucket":"sarammoa-cc444.appspot.com","locationId":"asia-northeast3"},"state":"ACTIVE","etag":"1_840e7d5c-34b2-4ea5-a086-d01ab752558b"}
[info] 
[info] === Deploying to 'sarammoa-cc444'...
[info] 
[info] i  deploying storage, firestore, functions, hosting 
[info] Running command: npm --prefix "$RESOURCE_DIR" run lint
[info] ✔  functions: Finished running predeploy script. 
[debug] [2022-09-16T07:55:01.725Z] >>> [apiv2][query] GET https://appengine.googleapis.com/v1/apps/sarammoa-cc444 [none]
[debug] [2022-09-16T07:55:02.203Z] <<< [apiv2][status] GET https://appengine.googleapis.com/v1/apps/sarammoa-cc444 200
[debug] [2022-09-16T07:55:02.203Z] <<< [apiv2][body] GET https://appengine.googleapis.com/v1/apps/sarammoa-cc444 {"name":"apps/sarammoa-cc444","id":"sarammoa-cc444","authDomain":"gmail.com","locationId":"asia-northeast3","codeBucket":"staging.sarammoa-cc444.appspot.com","servingStatus":"SERVING","defaultHostname":"sarammoa-cc444.du.r.appspot.com","defaultBucket":"sarammoa-cc444.appspot.com","serviceAccount":"sarammoa-cc444@appspot.gserviceaccount.com","gcrDomain":"asia.gcr.io","databaseType":"CLOUD_FIRESTORE","featureSettings":{"splitHealthChecks":true,"useContainerOptimizedOs":true}}
[info] i  firebase.storage: checking storage.rules for compilation errors... 
[debug] [2022-09-16T07:55:02.205Z] >>> [apiv2][query] POST https://firebaserules.googleapis.com/v1/projects/sarammoa-cc444:test [none]
[debug] [2022-09-16T07:55:02.205Z] >>> [apiv2][body] POST https://firebaserules.googleapis.com/v1/projects/sarammoa-cc444:test [omitted]
[debug] [2022-09-16T07:55:03.539Z] <<< [apiv2][status] POST https://firebaserules.googleapis.com/v1/projects/sarammoa-cc444:test 200
[debug] [2022-09-16T07:55:03.539Z] <<< [apiv2][body] POST https://firebaserules.googleapis.com/v1/projects/sarammoa-cc444:test {}
[info] ✔  firebase.storage: rules file storage.rules compiled successfully 
[info] i  firestore: reading indexes from firestore.indexes.json... 
[info] i  cloud.firestore: checking firestore.rules for compilation errors... 
[debug] [2022-09-16T07:55:03.545Z] >>> [apiv2][query] POST https://firebaserules.googleapis.com/v1/projects/sarammoa-cc444:test [none]
[debug] [2022-09-16T07:55:03.545Z] >>> [apiv2][body] POST https://firebaserules.googleapis.com/v1/projects/sarammoa-cc444:test [omitted]
[debug] [2022-09-16T07:55:04.866Z] <<< [apiv2][status] POST https://firebaserules.googleapis.com/v1/projects/sarammoa-cc444:test 200
[debug] [2022-09-16T07:55:04.866Z] <<< [apiv2][body] POST https://firebaserules.googleapis.com/v1/projects/sarammoa-cc444:test {}
[info] ✔  cloud.firestore: rules file firestore.rules compiled successfully 
[debug] [2022-09-16T07:55:04.870Z] >>> [apiv2][query] GET https://firebase.googleapis.com/v1beta1/projects/sarammoa-cc444 [none]
[debug] [2022-09-16T07:55:05.379Z] <<< [apiv2][status] GET https://firebase.googleapis.com/v1beta1/projects/sarammoa-cc444 200
[debug] [2022-09-16T07:55:05.379Z] <<< [apiv2][body] GET https://firebase.googleapis.com/v1beta1/projects/sarammoa-cc444 {"projectId":"sarammoa-cc444","projectNumber":"1090766667506","displayName":"sarammoa","name":"projects/sarammoa-cc444","resources":{"hostingSite":"sarammoa-cc444","storageBucket":"sarammoa-cc444.appspot.com","locationId":"asia-northeast3"},"state":"ACTIVE","etag":"1_840e7d5c-34b2-4ea5-a086-d01ab752558b"}
[info] i  functions: ensuring required API cloudfunctions.googleapis.com is enabled... 
[info] i  functions: ensuring required API cloudbuild.googleapis.com is enabled... 
[info] i  artifactregistry: ensuring required API artifactregistry.googleapis.com is enabled... 
[debug] [2022-09-16T07:55:05.385Z] >>> [apiv2][query] GET https://serviceusage.googleapis.com/v1/projects/sarammoa-cc444/services/cloudfunctions.googleapis.com [none]
[debug] [2022-09-16T07:55:05.388Z] >>> [apiv2][query] GET https://serviceusage.googleapis.com/v1/projects/sarammoa-cc444/services/runtimeconfig.googleapis.com [none]
[debug] [2022-09-16T07:55:05.392Z] >>> [apiv2][query] GET https://serviceusage.googleapis.com/v1/projects/sarammoa-cc444/services/cloudbuild.googleapis.com [none]
[debug] [2022-09-16T07:55:05.395Z] >>> [apiv2][query] GET https://serviceusage.googleapis.com/v1/projects/sarammoa-cc444/services/artifactregistry.googleapis.com [none]
[debug] [2022-09-16T07:55:06.826Z] <<< [apiv2][status] GET https://serviceusage.googleapis.com/v1/projects/sarammoa-cc444/services/cloudfunctions.googleapis.com 200
[debug] [2022-09-16T07:55:06.827Z] <<< [apiv2][body] GET https://serviceusage.googleapis.com/v1/projects/sarammoa-cc444/services/cloudfunctions.googleapis.com [omitted]
[info] ✔  functions: required API cloudfunctions.googleapis.com is enabled 
[debug] [2022-09-16T07:55:06.830Z] <<< [apiv2][status] GET https://serviceusage.googleapis.com/v1/projects/sarammoa-cc444/services/runtimeconfig.googleapis.com 200
[debug] [2022-09-16T07:55:06.830Z] <<< [apiv2][body] GET https://serviceusage.googleapis.com/v1/projects/sarammoa-cc444/services/runtimeconfig.googleapis.com [omitted]
[debug] [2022-09-16T07:55:06.832Z] <<< [apiv2][status] GET https://serviceusage.googleapis.com/v1/projects/sarammoa-cc444/services/artifactregistry.googleapis.com 200
[debug] [2022-09-16T07:55:06.832Z] <<< [apiv2][body] GET https://serviceusage.googleapis.com/v1/projects/sarammoa-cc444/services/artifactregistry.googleapis.com [omitted]
[info] ✔  artifactregistry: required API artifactregistry.googleapis.com is enabled 
[debug] [2022-09-16T07:55:06.835Z] <<< [apiv2][status] GET https://serviceusage.googleapis.com/v1/projects/sarammoa-cc444/services/cloudbuild.googleapis.com 200
[debug] [2022-09-16T07:55:06.835Z] <<< [apiv2][body] GET https://serviceusage.googleapis.com/v1/projects/sarammoa-cc444/services/cloudbuild.googleapis.com [omitted]
[info] ✔  functions: required API cloudbuild.googleapis.com is enabled 
[debug] [2022-09-16T07:55:06.837Z] >>> [apiv2][query] GET https://firebase.googleapis.com/v1beta1/projects/sarammoa-cc444/adminSdkConfig [none]
[debug] [2022-09-16T07:55:07.529Z] <<< [apiv2][status] GET https://firebase.googleapis.com/v1beta1/projects/sarammoa-cc444/adminSdkConfig 200
[debug] [2022-09-16T07:55:07.530Z] <<< [apiv2][body] GET https://firebase.googleapis.com/v1beta1/projects/sarammoa-cc444/adminSdkConfig {"projectId":"sarammoa-cc444","storageBucket":"sarammoa-cc444.appspot.com","locationId":"asia-northeast3"}
[debug] [2022-09-16T07:55:07.532Z] >>> [apiv2][query] GET https://runtimeconfig.googleapis.com/v1beta1/projects/sarammoa-cc444/configs [none]
[debug] [2022-09-16T07:55:08.244Z] <<< [apiv2][status] GET https://runtimeconfig.googleapis.com/v1beta1/projects/sarammoa-cc444/configs 200
[debug] [2022-09-16T07:55:08.245Z] <<< [apiv2][body] GET https://runtimeconfig.googleapis.com/v1beta1/projects/sarammoa-cc444/configs {}
[info] i  functions: preparing codebase default for deployment 
[debug] [2022-09-16T07:55:08.251Z] Validating nodejs source
[debug] [2022-09-16T07:55:09.212Z] > [functions] package.json contents: {
  "name": "functions",
  "description": "Cloud Functions for Firebase",
  "scripts": {
    "lint": "eslint",
    "serve": "firebase emulators:start --only functions",
    "shell": "firebase functions:shell",
    "start": "npm run shell",
    "deploy": "firebase deploy --only functions",
    "logs": "firebase functions:log"
  },
  "engines": {
    "node": "16"
  },
  "main": "index.js",
  "dependencies": {
    "firebase-admin": "^10.0.2",
    "firebase-functions": "^3.18.0"
  },
  "devDependencies": {
    "eslint": "^8.9.0",
    "eslint-config-google": "^0.14.0",
    "firebase-functions-test": "^0.2.0"
  },
  "private": true
}
[debug] [2022-09-16T07:55:09.213Z] Building nodejs source
[debug] [2022-09-16T07:55:09.215Z] Could not find functions.yaml. Must use http discovery
[debug] [2022-09-16T07:55:09.392Z] Serving at port 9005

[debug] [2022-09-16T07:55:09.447Z] Got response from /__/functions.yaml {"endpoints":{"setDefaultUserInfo":{"platform":"gcfv1","eventTrigger":{"eventType":"providers/cloud.firestore/eventTypes/document.create","eventFilters":{"resource":"projects/sarammoa-cc444/databases/(default)/documents/users/{userId}"},"retry":false},"labels":{},"entryPoint":"setDefaultUserInfo"}},"specVersion":"v1alpha1","requiredAPIs":[]}
[debug] [2022-09-16T07:55:09.455Z] shutdown requested via /__/quitquitquit

[info] i  functions: preparing functions directory for uploading... 
[info] i  functions: packaged /home/hansol/workspace/damoa7989/sarammoa/functions (79.1 KB) for uploading 
[debug] [2022-09-16T07:55:09.505Z] >>> [apiv2][query] GET https://cloudfunctions.googleapis.com/v1/projects/sarammoa-cc444/locations/-/functions [none]
[debug] [2022-09-16T07:55:10.295Z] <<< [apiv2][status] GET https://cloudfunctions.googleapis.com/v1/projects/sarammoa-cc444/locations/-/functions 200
[debug] [2022-09-16T07:55:10.295Z] <<< [apiv2][body] GET https://cloudfunctions.googleapis.com/v1/projects/sarammoa-cc444/locations/-/functions {"functions":[{"name":"projects/sarammoa-cc444/locations/us-central1/functions/setDefaultUserInfo","eventTrigger":{"eventType":"providers/cloud.firestore/eventTypes/document.create","resource":"projects/sarammoa-cc444/databases/(default)/documents/users/{userId}","service":"firestore.googleapis.com","failurePolicy":{}},"status":"ACTIVE","entryPoint":"setDefaultUserInfo","timeout":"60s","availableMemoryMb":256,"serviceAccountEmail":"sarammoa-cc444@appspot.gserviceaccount.com","updateTime":"2022-09-16T06:31:52.291Z","versionId":"3","labels":{"deployment-tool":"cli-firebase"},"sourceUploadUrl":"https://storage.googleapis.com/uploads-445018486662.us-central1.cloudfunctions.appspot.com/f1bdb89e-c098-47f3-abd3-0e6f38398129.zip","environmentVariables":{"FIREBASE_CONFIG":"{\"projectId\":\"sarammoa-cc444\",\"storageBucket\":\"sarammoa-cc444.appspot.com\",\"locationId\":\"asia-northeast3\"}","GCLOUD_PROJECT":"sarammoa-cc444"},"runtime":"nodejs16","ingressSettings":"ALLOW_ALL","buildId":"ad1be314-ab86-42ee-b365-ca8a6c1813b0","buildName":"projects/1090766667506/locations/us-central1/builds/ad1be314-ab86-42ee-b365-ca8a6c1813b0","dockerRegistry":"ARTIFACT_REGISTRY"}]}
[debug] [2022-09-16T07:55:10.298Z] >>> [apiv2][query] GET https://cloudfunctions.googleapis.com/v2alpha/projects/sarammoa-cc444/locations/-/functions [none]
[debug] [2022-09-16T07:55:11.828Z] <<< [apiv2][status] GET https://cloudfunctions.googleapis.com/v2alpha/projects/sarammoa-cc444/locations/-/functions 200
[debug] [2022-09-16T07:55:11.828Z] <<< [apiv2][body] GET https://cloudfunctions.googleapis.com/v2alpha/projects/sarammoa-cc444/locations/-/functions {}
[debug] [2022-09-16T07:55:11.851Z] >>> [apiv2][query] GET https://firebase.googleapis.com/v1beta1/projects/sarammoa-cc444 [none]
[debug] [2022-09-16T07:55:12.337Z] <<< [apiv2][status] GET https://firebase.googleapis.com/v1beta1/projects/sarammoa-cc444 200
[debug] [2022-09-16T07:55:12.337Z] <<< [apiv2][body] GET https://firebase.googleapis.com/v1beta1/projects/sarammoa-cc444 {"projectId":"sarammoa-cc444","projectNumber":"1090766667506","displayName":"sarammoa","name":"projects/sarammoa-cc444","resources":{"hostingSite":"sarammoa-cc444","storageBucket":"sarammoa-cc444.appspot.com","locationId":"asia-northeast3"},"state":"ACTIVE","etag":"1_840e7d5c-34b2-4ea5-a086-d01ab752558b"}
[debug] [2022-09-16T07:55:12.341Z] >>> [apiv2][query] POST https://firebasehosting.googleapis.com/v1beta1/projects/1090766667506/sites/sarammoa-cc444/versions [none]
[debug] [2022-09-16T07:55:12.341Z] >>> [apiv2][body] POST https://firebasehosting.googleapis.com/v1beta1/projects/1090766667506/sites/sarammoa-cc444/versions {"config":{"rewrites":[{"glob":"**","path":"/index.html"}]},"labels":{"deployment-tool":"cli-firebase"}}
[debug] [2022-09-16T07:55:14.012Z] <<< [apiv2][status] POST https://firebasehosting.googleapis.com/v1beta1/projects/1090766667506/sites/sarammoa-cc444/versions 200
[debug] [2022-09-16T07:55:14.012Z] <<< [apiv2][body] POST https://firebasehosting.googleapis.com/v1beta1/projects/1090766667506/sites/sarammoa-cc444/versions {"name":"projects/1090766667506/sites/sarammoa-cc444/versions/13d4679a22d4f452","status":"CREATED","config":{"rewrites":[{"glob":"**","path":"/index.html"}]},"labels":{"deployment-tool":"cli-firebase"}}
[debug] [2022-09-16T07:55:14.014Z] >>> [apiv2][query] GET https://firebaserules.googleapis.com/v1/projects/sarammoa-cc444/releases pageSize=10&pageToken=
[debug] [2022-09-16T07:55:15.208Z] <<< [apiv2][status] GET https://firebaserules.googleapis.com/v1/projects/sarammoa-cc444/releases 200
[debug] [2022-09-16T07:55:15.208Z] <<< [apiv2][body] GET https://firebaserules.googleapis.com/v1/projects/sarammoa-cc444/releases {"releases":[{"name":"projects/sarammoa-cc444/releases/cloud.firestore","rulesetName":"projects/sarammoa-cc444/rulesets/c4bbf5af-fece-43e5-beb6-4fbda2ee5b23","createTime":"2022-09-13T08:53:36.391701Z","updateTime":"2022-09-16T06:30:47.282416Z"},{"name":"projects/sarammoa-cc444/releases/firebase.storage/sarammoa-cc444.appspot.com","rulesetName":"projects/sarammoa-cc444/rulesets/e9768e2c-69f5-46fd-bf48-8bdce9638136","createTime":"2022-09-13T11:33:47.971308Z","updateTime":"2022-09-16T06:30:46.809266Z"}]}
[debug] [2022-09-16T07:55:15.229Z] >>> [apiv2][query] GET https://firebaserules.googleapis.com/v1/projects/sarammoa-cc444/rulesets/e9768e2c-69f5-46fd-bf48-8bdce9638136 [none]
[debug] [2022-09-16T07:55:16.535Z] <<< [apiv2][status] GET https://firebaserules.googleapis.com/v1/projects/sarammoa-cc444/rulesets/e9768e2c-69f5-46fd-bf48-8bdce9638136 200
[debug] [2022-09-16T07:55:16.535Z] <<< [apiv2][body] GET https://firebaserules.googleapis.com/v1/projects/sarammoa-cc444/rulesets/e9768e2c-69f5-46fd-bf48-8bdce9638136 [omitted]
[info] i  storage: latest version of storage.rules already up to date, skipping upload... 
[debug] [2022-09-16T07:55:16.537Z] >>> [apiv2][query] GET https://firebaserules.googleapis.com/v1/projects/sarammoa-cc444/releases pageSize=10&pageToken=
[debug] [2022-09-16T07:55:16.539Z] >>> [apiv2][query] GET https://firestore.googleapis.com/v1/projects/sarammoa-cc444/databases/(default)/collectionGroups/-/indexes [none]
[debug] [2022-09-16T07:55:16.762Z] <<< [apiv2][status] GET https://firestore.googleapis.com/v1/projects/sarammoa-cc444/databases/(default)/collectionGroups/-/indexes 200
[debug] [2022-09-16T07:55:16.762Z] <<< [apiv2][body] GET https://firestore.googleapis.com/v1/projects/sarammoa-cc444/databases/(default)/collectionGroups/-/indexes {}
[debug] [2022-09-16T07:55:16.762Z] >>> [apiv2][query] GET https://firestore.googleapis.com/v1/projects/sarammoa-cc444/databases/(default)/collectionGroups/-/fields?filter=indexConfig.usesAncestorConfig=false [none]
[debug] [2022-09-16T07:55:16.907Z] <<< [apiv2][status] GET https://firestore.googleapis.com/v1/projects/sarammoa-cc444/databases/(default)/collectionGroups/-/fields?filter=indexConfig.usesAncestorConfig=false 200
[debug] [2022-09-16T07:55:16.907Z] <<< [apiv2][body] GET https://firestore.googleapis.com/v1/projects/sarammoa-cc444/databases/(default)/collectionGroups/-/fields?filter=indexConfig.usesAncestorConfig=false {"fields":[{"name":"projects/sarammoa-cc444/databases/(default)/collectionGroups/__default__/fields/*","indexConfig":{"indexes":[{"queryScope":"COLLECTION","fields":[{"fieldPath":"*","order":"ASCENDING"}],"state":"READY"},{"queryScope":"COLLECTION","fields":[{"fieldPath":"*","order":"DESCENDING"}],"state":"READY"},{"queryScope":"COLLECTION","fields":[{"fieldPath":"*","arrayConfig":"CONTAINS"}],"state":"READY"}]}}]}
[info] ✔  firestore: deployed indexes in firestore.indexes.json successfully 
[debug] [2022-09-16T07:55:17.770Z] <<< [apiv2][status] GET https://firebaserules.googleapis.com/v1/projects/sarammoa-cc444/releases 200
[debug] [2022-09-16T07:55:17.771Z] <<< [apiv2][body] GET https://firebaserules.googleapis.com/v1/projects/sarammoa-cc444/releases {"releases":[{"name":"projects/sarammoa-cc444/releases/cloud.firestore","rulesetName":"projects/sarammoa-cc444/rulesets/c4bbf5af-fece-43e5-beb6-4fbda2ee5b23","createTime":"2022-09-13T08:53:36.391701Z","updateTime":"2022-09-16T06:30:47.282416Z"},{"name":"projects/sarammoa-cc444/releases/firebase.storage/sarammoa-cc444.appspot.com","rulesetName":"projects/sarammoa-cc444/rulesets/e9768e2c-69f5-46fd-bf48-8bdce9638136","createTime":"2022-09-13T11:33:47.971308Z","updateTime":"2022-09-16T06:30:46.809266Z"}]}
[debug] [2022-09-16T07:55:17.773Z] >>> [apiv2][query] GET https://firebaserules.googleapis.com/v1/projects/sarammoa-cc444/rulesets/c4bbf5af-fece-43e5-beb6-4fbda2ee5b23 [none]
[debug] [2022-09-16T07:55:18.949Z] <<< [apiv2][status] GET https://firebaserules.googleapis.com/v1/projects/sarammoa-cc444/rulesets/c4bbf5af-fece-43e5-beb6-4fbda2ee5b23 200
[debug] [2022-09-16T07:55:18.951Z] <<< [apiv2][body] GET https://firebaserules.googleapis.com/v1/projects/sarammoa-cc444/rulesets/c4bbf5af-fece-43e5-beb6-4fbda2ee5b23 [omitted]
[info] i  firestore: latest version of firestore.rules already up to date, skipping upload... 
[debug] [2022-09-16T07:55:18.959Z] >>> [apiv2][query] POST https://cloudfunctions.googleapis.com/v1/projects/sarammoa-cc444/locations/us-central1/functions:generateUploadUrl [none]
[debug] [2022-09-16T07:55:18.960Z] >>> [apiv2][body] POST https://cloudfunctions.googleapis.com/v1/projects/sarammoa-cc444/locations/us-central1/functions:generateUploadUrl {}
[debug] [2022-09-16T07:55:20.017Z] <<< [apiv2][status] POST https://cloudfunctions.googleapis.com/v1/projects/sarammoa-cc444/locations/us-central1/functions:generateUploadUrl 200
[debug] [2022-09-16T07:55:20.017Z] <<< [apiv2][body] POST https://cloudfunctions.googleapis.com/v1/projects/sarammoa-cc444/locations/us-central1/functions:generateUploadUrl {"uploadUrl":"https://storage.googleapis.com/uploads-445018486662.us-central1.cloudfunctions.appspot.com/46519131-d7a1-4f31-88fa-02f94cbe5a99.zip?GoogleAccessId=service-1090766667506@gcf-admin-robot.iam.gserviceaccount.com&Expires=1663316719&Signature=u75%2BmDKSDf%2FPz59QGFMX0yDrIZkDcms%2FjVG8LCYhRWGxqIANwjji3TPBdNL7zDrmZ9q%2F6Y8IlUolYkfHq5rMuGsyI%2BXatlYQIfDk%2F4EjilKY49bqBpQqUhayKBb36EBizpmnr11RmFETFEMSmmFQP7%2BgSRUSN9om1k1SdDzyX8TB5ETHliyx3ZhjaJSDUBltm5R8InrYtIIi24GwgVIlQn1tQgE7QvQhoiwRSZW0GPY6d7LD2Q%2Fc%2Ftfs7mkJ9l4xk0Quhg%2B5U8PazOd0NzpYYyYlDFRAkXQoorVNG7FI3FtPATr3AS32InNLvaxk5Empp0Il8%2BcTW1kePFd%2FEoOMiQ%3D%3D"}
[debug] [2022-09-16T07:55:20.018Z] >>> [apiv2][query] PUT https://storage.googleapis.com/uploads-445018486662.us-central1.cloudfunctions.appspot.com/46519131-d7a1-4f31-88fa-02f94cbe5a99.zip GoogleAccessId=service-1090766667506%40gcf-admin-robot.iam.gserviceaccount.com&Expires=1663316719&Signature=u75%2BmDKSDf%2FPz59QGFMX0yDrIZkDcms%2FjVG8LCYhRWGxqIANwjji3TPBdNL7zDrmZ9q%2F6Y8IlUolYkfHq5rMuGsyI%2BXatlYQIfDk%2F4EjilKY49bqBpQqUhayKBb36EBizpmnr11RmFETFEMSmmFQP7%2BgSRUSN9om1k1SdDzyX8TB5ETHliyx3ZhjaJSDUBltm5R8InrYtIIi24GwgVIlQn1tQgE7QvQhoiwRSZW0GPY6d7LD2Q%2Fc%2Ftfs7mkJ9l4xk0Quhg%2B5U8PazOd0NzpYYyYlDFRAkXQoorVNG7FI3FtPATr3AS32InNLvaxk5Empp0Il8%2BcTW1kePFd%2FEoOMiQ%3D%3D
[debug] [2022-09-16T07:55:20.019Z] >>> [apiv2][body] PUT https://storage.googleapis.com/uploads-445018486662.us-central1.cloudfunctions.appspot.com/46519131-d7a1-4f31-88fa-02f94cbe5a99.zip [stream]
[debug] [2022-09-16T07:55:21.026Z] <<< [apiv2][status] PUT https://storage.googleapis.com/uploads-445018486662.us-central1.cloudfunctions.appspot.com/46519131-d7a1-4f31-88fa-02f94cbe5a99.zip 200
[debug] [2022-09-16T07:55:21.026Z] <<< [apiv2][body] PUT https://storage.googleapis.com/uploads-445018486662.us-central1.cloudfunctions.appspot.com/46519131-d7a1-4f31-88fa-02f94cbe5a99.zip [omitted]
[info] ✔  functions: functions folder uploaded successfully 
[info] i  hosting[sarammoa-cc444]: beginning deploy... 
[info] i  hosting[sarammoa-cc444]: found 37 files in build 
[debug] [2022-09-16T07:55:21.062Z] [hosting] uploading with 200 concurrency
[debug] [2022-09-16T07:55:21.713Z] [hosting] unable to store hash cache [YnVpbGQ]: Error: EACCES: permission denied, open '/home/hansol/workspace/damoa7989/sarammoa/.firebase/hosting.YnVpbGQ.cache'
    at Object.openSync (node:fs:594:3)
    at Object.writeFileSync (node:fs:2207:35)
    at Object.outputFileSync (/usr/local/lib/node_modules/firebase-tools/node_modules/fs-extra/lib/output-file/index.js:31:15)
    at dump (/usr/local/lib/node_modules/firebase-tools/lib/deploy/hosting/hashcache.js:41:12)
    at /usr/local/lib/node_modules/firebase-tools/lib/deploy/hosting/uploader.js:81:34
    at processTicksAndRejections (node:internal/process/task_queues:96:5)
[debug] [2022-09-16T07:55:21.713Z] [hosting][hash queue][FINAL] {"max":643,"min":13,"avg":33.83783783783784,"active":0,"complete":37,"success":37,"errored":0,"retried":0,"total":37,"elapsed":648}
[debug] [2022-09-16T07:55:21.713Z] >>> [apiv2][query] POST https://firebasehosting.googleapis.com/v1beta1/projects/1090766667506/sites/sarammoa-cc444/versions/13d4679a22d4f452:populateFiles [none]
[debug] [2022-09-16T07:55:21.713Z] >>> [apiv2][body] POST https://firebasehosting.googleapis.com/v1beta1/projects/1090766667506/sites/sarammoa-cc444/versions/13d4679a22d4f452:populateFiles {"files":{"/asset-manifest.json":"a5737d69b46d6b2d93cafd45e71523c9d7b6ae019ff0a440df67c319df9d7efc","/favicon.ico":"c599b7a91ab3627e3538125d9f40adc2d4bf949046984262670545dc7738af06","/index.html":"ea41b07cfbfaff04463ede0f5b394eeb4ad3098f1a2cab97d800ee69d72fb8e4","/manifest.json":"0958a5e0c831126100c8c2d06a6bbaa665a3900f21aaff4130238a6f5a113aa1","/logo192.png":"76c449ccb9cd117c2f2338f091b18f7050f3210e249b2228f5c81b23f34377cd","/robots.txt":"2544ca049f223a42bff01f72ad930a5edba75bbb7199d0f8430a02ff5aca16ec","/static/js/787.d8c4d069.chunk.js":"2da00ef742990d6eb6159859034999bd59d40271a9a4ae68e39707d3b73f3fea","/logo512.png":"7779210d56c1f3741e2e487799fe3092def4fa6ac450a60532b807c3a8971205","/static/js/main.ecc42c6a.js.LICENSE.txt":"c57bd290ed730a31593c5ad56100a4e17107a280acc466dbad7510269f4b92e7","/static/media/arrow-left.ecf74ceca53ea6ef1259.svg":"d28b2e0a7035866c7489b02db78953015675c3c4d3e905a1613c5b1f317057d3","/static/js/787.d8c4d069.chunk.js.map":"f197d09a45730cef93b5a43e3d42c3d51f3495fe1877191f1243ae50aed8d151","/static/media/connect.5ced31a8f2b1a231d5adab36df9c6918.svg":"24b46f568de0345d2930c0a3810e7f915fee5b7bb007e4261816ebb082744a67","/static/media/connect_active.55e62cf9a0fc01b48f13de6f80f8cfd6.svg":"af4637596bab7dff03d275a9878921fb8e12ca1c0b31860f4f4cc224457dd638","/static/media/copy_link.f5921ebb7e1a065f9f58c59acb0fe10f.svg":"6309f372984c7b2b90580f5e5a3b2bf2eed2668dfc0768d915fa16d682c2805a","/static/media/dots_vertical.820b1619ec150f9c7eda.svg":"4ad220cf0ec0e195777bb35aece1809ab6cfd46c5c75c0512dd8018d14241f16","/static/media/edit.a23bf6afd082e187ec8f455e5b58d579.svg":"d64a54661dae35a862ee2b2b903b70208b203d02a2cc3581c92ef110d83c864c","/static/media/email.1524f498196361976154570d00686b0b.svg":"549c0ac6f5432d09c4e8f564a7ad709662e0412f7175a38adc12398d047e0250","/static/media/follow_from.36c43737b4afac62c3b2.svg":"4cbcda16f47bb269333fc6683d498377e4c1253898583046e40678f4e8578f3c","/static/media/follow_to.06453da107c28be6de37.svg":"26ace3047b24b2ce307ebb59b930c5bd5695c109b130230e0b32b7ecc1374d30","/static/media/gear.a31ecbc94744bcc05caf.svg":"f39b1011278d78a696bc8349c83e774a6a25b03e040334c4221236987cf0673d","/static/media/newsfeed.4d817dfef9d64b6bbdc84b414b1705ad.svg":"d738c44a79084966925260bd7fac1b340f5c933537815df87662feae25bf5f28","/static/media/kakaotalk.e64b540396dca8010e66706426e15e4c.svg":"47faf6fec19b5c44b262a8396d7ae5e066e58da6ead9e98517d5cda1d19fb388","/static/media/newsfeed_active.aa088afa43f56476e95f88c2f0e3c3c0.svg":"3b1164613c319d359f3227edc9134729da9bccdf6d83a15cac4dc63c99911b9e","/static/media/notice.481915d71dbef2811a47eb35b235bd98.svg":"7e34dd4b4db3da405b89eb64a74e9d8bf422d03a544d68c395aaa80a243151f0","/static/media/notice_active.e12865336341a7a31783f7ea1f454440.svg":"8e706a7746832019541590de596e84626b174039342836e8e94e346322b00759","/static/media/photo.928722025555432270d9e6ca197a9e4e.svg":"650be195428ab2665bd7017f64e7117b79c906fc0e628efc217c1c242e9aaf9d","/static/media/profile.644fabbe8beb87c496d2d325c84b3129.svg":"636bedaa44d09eccd58c5d3a0d4d0542d22184ae207014c2e9c22a2cdc0791c2","/static/media/share.b65320cd988c00d67dbc344b5bf59d1b.svg":"78efd22be84cf53d98b796afa1e315b868068124a6f7088f2d6e50d593d84e8a","/static/media/profile_active.0f911c9d467d9e488dee45ce9cfff223.svg":"a0a715b6a09902086b5599c05e6773865b48e1e8afbde3283302b06756cb8316","/static/media/support.18c5131fa6b416b0c8dbb99b16928190.svg":"2475a0055166fd754e1c629580ce7fb73f151d0540dc1a2607c24cc9c8345557","/static/media/support_active.e24d8572db1c4b8d48b24c90e8ea585c.svg":"76d538b49b8742f7b7bd3d26ae258064091afb6e5d0a3f3a1a0d45aad560e1b2","/static/media/thumb_up.c2496c115ac79c59b04c.svg":"8792ba9b3fcb266d0f7629676ee952726a4aef7bcdd5dad42ed582f1a5a203c4","/static/media/trash.affea45488d572751936b8d9371c032a.svg":"675a5eae2aad001b7487b7a6e5b832fc40c35ff948f594008bb128507c8ec0be","/static/css/main.ef749eae.css":"fa2cf92784d3f25c0ba1bdb0060c0fbdbedd9ab541991c8ec5ad14cb0da499c5","/static/css/main.ef749eae.css.map":"8c7c43995290a2c8044d887eb06d9e36dd97316102b3dda2e5c1123cbf9c9e88","/static/js/main.ecc42c6a.js":"4db0af4a6c8eff24bf094135aaf4233409a733613fd4999b9654c8ef900b1ab0","/static/js/main.ecc42c6a.js.map":"5c3a557eb8af37f82a60632a9db20be713c08070c347a3dd86073cdfe9edcebe"}}
[debug] [2022-09-16T07:55:23.506Z] <<< [apiv2][status] POST https://firebasehosting.googleapis.com/v1beta1/projects/1090766667506/sites/sarammoa-cc444/versions/13d4679a22d4f452:populateFiles 200
[debug] [2022-09-16T07:55:23.507Z] <<< [apiv2][body] POST https://firebasehosting.googleapis.com/v1beta1/projects/1090766667506/sites/sarammoa-cc444/versions/13d4679a22d4f452:populateFiles {"uploadRequiredHashes":["fa2cf92784d3f25c0ba1bdb0060c0fbdbedd9ab541991c8ec5ad14cb0da499c5","8c7c43995290a2c8044d887eb06d9e36dd97316102b3dda2e5c1123cbf9c9e88","5c3a557eb8af37f82a60632a9db20be713c08070c347a3dd86073cdfe9edcebe","4db0af4a6c8eff24bf094135aaf4233409a733613fd4999b9654c8ef900b1ab0","a5737d69b46d6b2d93cafd45e71523c9d7b6ae019ff0a440df67c319df9d7efc","ea41b07cfbfaff04463ede0f5b394eeb4ad3098f1a2cab97d800ee69d72fb8e4"],"uploadUrl":"https://upload-firebasehosting.googleapis.com/upload/sites/sarammoa-cc444/versions/13d4679a22d4f452/files"}
[debug] [2022-09-16T07:55:23.513Z] >>> [apiv2][query] POST https://upload-firebasehosting.googleapis.com/upload/sites/sarammoa-cc444/versions/13d4679a22d4f452/files/fa2cf92784d3f25c0ba1bdb0060c0fbdbedd9ab541991c8ec5ad14cb0da499c5 [none]
[debug] [2022-09-16T07:55:23.514Z] >>> [apiv2][body] POST https://upload-firebasehosting.googleapis.com/upload/sites/sarammoa-cc444/versions/13d4679a22d4f452/files/fa2cf92784d3f25c0ba1bdb0060c0fbdbedd9ab541991c8ec5ad14cb0da499c5 [stream]
[debug] [2022-09-16T07:55:23.518Z] >>> [apiv2][query] POST https://upload-firebasehosting.googleapis.com/upload/sites/sarammoa-cc444/versions/13d4679a22d4f452/files/8c7c43995290a2c8044d887eb06d9e36dd97316102b3dda2e5c1123cbf9c9e88 [none]
[debug] [2022-09-16T07:55:23.519Z] >>> [apiv2][body] POST https://upload-firebasehosting.googleapis.com/upload/sites/sarammoa-cc444/versions/13d4679a22d4f452/files/8c7c43995290a2c8044d887eb06d9e36dd97316102b3dda2e5c1123cbf9c9e88 [stream]
[debug] [2022-09-16T07:55:23.521Z] >>> [apiv2][query] POST https://upload-firebasehosting.googleapis.com/upload/sites/sarammoa-cc444/versions/13d4679a22d4f452/files/5c3a557eb8af37f82a60632a9db20be713c08070c347a3dd86073cdfe9edcebe [none]
[debug] [2022-09-16T07:55:23.521Z] >>> [apiv2][body] POST https://upload-firebasehosting.googleapis.com/upload/sites/sarammoa-cc444/versions/13d4679a22d4f452/files/5c3a557eb8af37f82a60632a9db20be713c08070c347a3dd86073cdfe9edcebe [stream]
[debug] [2022-09-16T07:55:23.524Z] >>> [apiv2][query] POST https://upload-firebasehosting.googleapis.com/upload/sites/sarammoa-cc444/versions/13d4679a22d4f452/files/4db0af4a6c8eff24bf094135aaf4233409a733613fd4999b9654c8ef900b1ab0 [none]
[debug] [2022-09-16T07:55:23.524Z] >>> [apiv2][body] POST https://upload-firebasehosting.googleapis.com/upload/sites/sarammoa-cc444/versions/13d4679a22d4f452/files/4db0af4a6c8eff24bf094135aaf4233409a733613fd4999b9654c8ef900b1ab0 [stream]
[debug] [2022-09-16T07:55:23.527Z] >>> [apiv2][query] POST https://upload-firebasehosting.googleapis.com/upload/sites/sarammoa-cc444/versions/13d4679a22d4f452/files/a5737d69b46d6b2d93cafd45e71523c9d7b6ae019ff0a440df67c319df9d7efc [none]
[debug] [2022-09-16T07:55:23.527Z] >>> [apiv2][body] POST https://upload-firebasehosting.googleapis.com/upload/sites/sarammoa-cc444/versions/13d4679a22d4f452/files/a5737d69b46d6b2d93cafd45e71523c9d7b6ae019ff0a440df67c319df9d7efc [stream]
[debug] [2022-09-16T07:55:23.529Z] >>> [apiv2][query] POST https://upload-firebasehosting.googleapis.com/upload/sites/sarammoa-cc444/versions/13d4679a22d4f452/files/ea41b07cfbfaff04463ede0f5b394eeb4ad3098f1a2cab97d800ee69d72fb8e4 [none]
[debug] [2022-09-16T07:55:23.529Z] >>> [apiv2][body] POST https://upload-firebasehosting.googleapis.com/upload/sites/sarammoa-cc444/versions/13d4679a22d4f452/files/ea41b07cfbfaff04463ede0f5b394eeb4ad3098f1a2cab97d800ee69d72fb8e4 [stream]
[debug] [2022-09-16T07:55:23.530Z] [hosting][populate queue][FINAL] {"max":1801,"min":1801,"avg":1801,"active":0,"complete":1,"success":1,"errored":0,"retried":0,"total":1,"elapsed":1818}
[debug] [2022-09-16T07:55:23.533Z] [hosting] uploads queued: 6
[debug] [2022-09-16T07:55:25.605Z] <<< [apiv2][status] POST https://upload-firebasehosting.googleapis.com/upload/sites/sarammoa-cc444/versions/13d4679a22d4f452/files/8c7c43995290a2c8044d887eb06d9e36dd97316102b3dda2e5c1123cbf9c9e88 200
[debug] [2022-09-16T07:55:25.605Z] <<< [apiv2][body] POST https://upload-firebasehosting.googleapis.com/upload/sites/sarammoa-cc444/versions/13d4679a22d4f452/files/8c7c43995290a2c8044d887eb06d9e36dd97316102b3dda2e5c1123cbf9c9e88 [stream]
[debug] [2022-09-16T07:55:25.607Z] <<< [apiv2][status] POST https://upload-firebasehosting.googleapis.com/upload/sites/sarammoa-cc444/versions/13d4679a22d4f452/files/a5737d69b46d6b2d93cafd45e71523c9d7b6ae019ff0a440df67c319df9d7efc 200
[debug] [2022-09-16T07:55:25.608Z] <<< [apiv2][body] POST https://upload-firebasehosting.googleapis.com/upload/sites/sarammoa-cc444/versions/13d4679a22d4f452/files/a5737d69b46d6b2d93cafd45e71523c9d7b6ae019ff0a440df67c319df9d7efc [stream]
[debug] [2022-09-16T07:55:25.612Z] <<< [apiv2][status] POST https://upload-firebasehosting.googleapis.com/upload/sites/sarammoa-cc444/versions/13d4679a22d4f452/files/ea41b07cfbfaff04463ede0f5b394eeb4ad3098f1a2cab97d800ee69d72fb8e4 200
[debug] [2022-09-16T07:55:25.613Z] <<< [apiv2][body] POST https://upload-firebasehosting.googleapis.com/upload/sites/sarammoa-cc444/versions/13d4679a22d4f452/files/ea41b07cfbfaff04463ede0f5b394eeb4ad3098f1a2cab97d800ee69d72fb8e4 [stream]
[debug] [2022-09-16T07:55:26.357Z] <<< [apiv2][status] POST https://upload-firebasehosting.googleapis.com/upload/sites/sarammoa-cc444/versions/13d4679a22d4f452/files/fa2cf92784d3f25c0ba1bdb0060c0fbdbedd9ab541991c8ec5ad14cb0da499c5 200
[debug] [2022-09-16T07:55:26.358Z] <<< [apiv2][body] POST https://upload-firebasehosting.googleapis.com/upload/sites/sarammoa-cc444/versions/13d4679a22d4f452/files/fa2cf92784d3f25c0ba1bdb0060c0fbdbedd9ab541991c8ec5ad14cb0da499c5 [stream]
[debug] [2022-09-16T07:55:30.630Z] <<< [apiv2][status] POST https://upload-firebasehosting.googleapis.com/upload/sites/sarammoa-cc444/versions/13d4679a22d4f452/files/4db0af4a6c8eff24bf094135aaf4233409a733613fd4999b9654c8ef900b1ab0 200
[debug] [2022-09-16T07:55:30.630Z] <<< [apiv2][body] POST https://upload-firebasehosting.googleapis.com/upload/sites/sarammoa-cc444/versions/13d4679a22d4f452/files/4db0af4a6c8eff24bf094135aaf4233409a733613fd4999b9654c8ef900b1ab0 [stream]
[debug] [2022-09-16T07:55:38.654Z] <<< [apiv2][status] POST https://upload-firebasehosting.googleapis.com/upload/sites/sarammoa-cc444/versions/13d4679a22d4f452/files/5c3a557eb8af37f82a60632a9db20be713c08070c347a3dd86073cdfe9edcebe 200
[debug] [2022-09-16T07:55:38.655Z] <<< [apiv2][body] POST https://upload-firebasehosting.googleapis.com/upload/sites/sarammoa-cc444/versions/13d4679a22d4f452/files/5c3a557eb8af37f82a60632a9db20be713c08070c347a3dd86073cdfe9edcebe [stream]
[debug] [2022-09-16T07:55:38.655Z] [hosting][upload queue][FINAL] {"max":15144,"min":2096,"avg":5234.666666666667,"active":0,"complete":6,"success":6,"errored":0,"retried":0,"total":6,"elapsed":15148}
[info] ✔  hosting[sarammoa-cc444]: file upload complete 
[debug] [2022-09-16T07:55:38.658Z] [hosting] deploy completed after 17624ms
[debug] [2022-09-16T07:55:38.667Z] [rules] releasing firebase.storage/sarammoa-cc444.appspot.com with ruleset projects/sarammoa-cc444/rulesets/e9768e2c-69f5-46fd-bf48-8bdce9638136
[debug] [2022-09-16T07:55:38.668Z] >>> [apiv2][query] PATCH https://firebaserules.googleapis.com/v1/projects/sarammoa-cc444/releases/firebase.storage/sarammoa-cc444.appspot.com [none]
[debug] [2022-09-16T07:55:38.668Z] >>> [apiv2][body] PATCH https://firebaserules.googleapis.com/v1/projects/sarammoa-cc444/releases/firebase.storage/sarammoa-cc444.appspot.com {"release":{"name":"projects/sarammoa-cc444/releases/firebase.storage/sarammoa-cc444.appspot.com","rulesetName":"projects/sarammoa-cc444/rulesets/e9768e2c-69f5-46fd-bf48-8bdce9638136"}}
[debug] [2022-09-16T07:55:39.878Z] <<< [apiv2][status] PATCH https://firebaserules.googleapis.com/v1/projects/sarammoa-cc444/releases/firebase.storage/sarammoa-cc444.appspot.com 200
[debug] [2022-09-16T07:55:39.879Z] <<< [apiv2][body] PATCH https://firebaserules.googleapis.com/v1/projects/sarammoa-cc444/releases/firebase.storage/sarammoa-cc444.appspot.com {"name":"projects/sarammoa-cc444/releases/firebase.storage/sarammoa-cc444.appspot.com","rulesetName":"projects/sarammoa-cc444/rulesets/e9768e2c-69f5-46fd-bf48-8bdce9638136","createTime":"2022-09-13T11:33:47.971308Z","updateTime":"2022-09-16T07:55:39.813763Z"}
[debug] [2022-09-16T07:55:39.879Z] [rules] updated release projects/sarammoa-cc444/releases/firebase.storage/sarammoa-cc444.appspot.com
[info] ✔  storage: released rules storage.rules to firebase.storage 
[debug] [2022-09-16T07:55:39.881Z] [rules] releasing cloud.firestore with ruleset projects/sarammoa-cc444/rulesets/c4bbf5af-fece-43e5-beb6-4fbda2ee5b23
[debug] [2022-09-16T07:55:39.882Z] >>> [apiv2][query] PATCH https://firebaserules.googleapis.com/v1/projects/sarammoa-cc444/releases/cloud.firestore [none]
[debug] [2022-09-16T07:55:39.883Z] >>> [apiv2][body] PATCH https://firebaserules.googleapis.com/v1/projects/sarammoa-cc444/releases/cloud.firestore {"release":{"name":"projects/sarammoa-cc444/releases/cloud.firestore","rulesetName":"projects/sarammoa-cc444/rulesets/c4bbf5af-fece-43e5-beb6-4fbda2ee5b23"}}
[debug] [2022-09-16T07:55:41.221Z] <<< [apiv2][status] PATCH https://firebaserules.googleapis.com/v1/projects/sarammoa-cc444/releases/cloud.firestore 200
[debug] [2022-09-16T07:55:41.221Z] <<< [apiv2][body] PATCH https://firebaserules.googleapis.com/v1/projects/sarammoa-cc444/releases/cloud.firestore {"name":"projects/sarammoa-cc444/releases/cloud.firestore","rulesetName":"projects/sarammoa-cc444/rulesets/c4bbf5af-fece-43e5-beb6-4fbda2ee5b23","createTime":"2022-09-13T08:53:36.391701Z","updateTime":"2022-09-16T07:55:41.077745Z"}
[debug] [2022-09-16T07:55:41.221Z] [rules] updated release projects/sarammoa-cc444/releases/cloud.firestore
[info] ✔  firestore: released rules firestore.rules to cloud.firestore 
[info] i  functions: updating Node.js 16 function setDefaultUserInfo(us-central1)... 
[debug] [2022-09-16T07:55:41.238Z] >>> [apiv2][query] PATCH https://cloudfunctions.googleapis.com/v1/projects/sarammoa-cc444/locations/us-central1/functions/setDefaultUserInfo updateMask=name%2CsourceUploadUrl%2CentryPoint%2Cruntime%2CdockerRegistry%2Clabels%2CeventTrigger.eventType%2CeventTrigger.resource%2CeventTrigger.failurePolicy%2CenvironmentVariables%2CavailableMemoryMb%2CsourceToken
[debug] [2022-09-16T07:55:41.238Z] >>> [apiv2][body] PATCH https://cloudfunctions.googleapis.com/v1/projects/sarammoa-cc444/locations/us-central1/functions/setDefaultUserInfo {"name":"projects/sarammoa-cc444/locations/us-central1/functions/setDefaultUserInfo","sourceUploadUrl":"https://storage.googleapis.com/uploads-445018486662.us-central1.cloudfunctions.appspot.com/46519131-d7a1-4f31-88fa-02f94cbe5a99.zip?GoogleAccessId=service-1090766667506@gcf-admin-robot.iam.gserviceaccount.com&Expires=1663316719&Signature=u75%2BmDKSDf%2FPz59QGFMX0yDrIZkDcms%2FjVG8LCYhRWGxqIANwjji3TPBdNL7zDrmZ9q%2F6Y8IlUolYkfHq5rMuGsyI%2BXatlYQIfDk%2F4EjilKY49bqBpQqUhayKBb36EBizpmnr11RmFETFEMSmmFQP7%2BgSRUSN9om1k1SdDzyX8TB5ETHliyx3ZhjaJSDUBltm5R8InrYtIIi24GwgVIlQn1tQgE7QvQhoiwRSZW0GPY6d7LD2Q%2Fc%2Ftfs7mkJ9l4xk0Quhg%2B5U8PazOd0NzpYYyYlDFRAkXQoorVNG7FI3FtPATr3AS32InNLvaxk5Empp0Il8%2BcTW1kePFd%2FEoOMiQ%3D%3D","entryPoint":"setDefaultUserInfo","runtime":"nodejs16","dockerRegistry":"ARTIFACT_REGISTRY","labels":{"deployment-tool":"cli-firebase"},"eventTrigger":{"eventType":"providers/cloud.firestore/eventTypes/document.create","resource":"projects/sarammoa-cc444/databases/(default)/documents/users/{userId}"},"environmentVariables":{"FIREBASE_CONFIG":"{\"projectId\":\"sarammoa-cc444\",\"storageBucket\":\"sarammoa-cc444.appspot.com\",\"locationId\":\"asia-northeast3\"}","GCLOUD_PROJECT":"sarammoa-cc444"},"availableMemoryMb":256}
[debug] [2022-09-16T07:55:42.243Z] <<< [apiv2][status] PATCH https://cloudfunctions.googleapis.com/v1/projects/sarammoa-cc444/locations/us-central1/functions/setDefaultUserInfo 200
[debug] [2022-09-16T07:55:42.244Z] <<< [apiv2][body] PATCH https://cloudfunctions.googleapis.com/v1/projects/sarammoa-cc444/locations/us-central1/functions/setDefaultUserInfo {"name":"operations/c2FyYW1tb2EtY2M0NDQvdXMtY2VudHJhbDEvc2V0RGVmYXVsdFVzZXJJbmZvL0FrYzkyR0paNHRN","metadata":{"@type":"type.googleapis.com/google.cloud.functions.v1.OperationMetadataV1","target":"projects/sarammoa-cc444/locations/us-central1/functions/setDefaultUserInfo","type":"UPDATE_FUNCTION","request":{"@type":"type.googleapis.com/google.cloud.functions.v1.CloudFunction","name":"projects/sarammoa-cc444/locations/us-central1/functions/setDefaultUserInfo","eventTrigger":{"eventType":"providers/cloud.firestore/eventTypes/document.create","resource":"projects/sarammoa-cc444/databases/(default)/documents/users/{userId}","service":"firestore.googleapis.com"},"status":"ACTIVE","entryPoint":"setDefaultUserInfo","timeout":"60s","availableMemoryMb":256,"serviceAccountEmail":"sarammoa-cc444@appspot.gserviceaccount.com","updateTime":"2022-09-16T06:31:52.291Z","versionId":"3","labels":{"deployment-tool":"cli-firebase"},"sourceUploadUrl":"https://storage.googleapis.com/uploads-445018486662.us-central1.cloudfunctions.appspot.com/46519131-d7a1-4f31-88fa-02f94cbe5a99.zip?GoogleAccessId=service-1090766667506@gcf-admin-robot.iam.gserviceaccount.com&Expires=1663316719&Signature=u75%2BmDKSDf%2FPz59QGFMX0yDrIZkDcms%2FjVG8LCYhRWGxqIANwjji3TPBdNL7zDrmZ9q%2F6Y8IlUolYkfHq5rMuGsyI%2BXatlYQIfDk%2F4EjilKY49bqBpQqUhayKBb36EBizpmnr11RmFETFEMSmmFQP7%2BgSRUSN9om1k1SdDzyX8TB5ETHliyx3ZhjaJSDUBltm5R8InrYtIIi24GwgVIlQn1tQgE7QvQhoiwRSZW0GPY6d7LD2Q%2Fc%2Ftfs7mkJ9l4xk0Quhg%2B5U8PazOd0NzpYYyYlDFRAkXQoorVNG7FI3FtPATr3AS32InNLvaxk5Empp0Il8%2BcTW1kePFd%2FEoOMiQ%3D%3D","environmentVariables":{"FIREBASE_CONFIG":"{\"projectId\":\"sarammoa-cc444\",\"storageBucket\":\"sarammoa-cc444.appspot.com\",\"locationId\":\"asia-northeast3\"}","GCLOUD_PROJECT":"sarammoa-cc444"},"runtime":"nodejs16","ingressSettings":"ALLOW_ALL","buildId":"ad1be314-ab86-42ee-b365-ca8a6c1813b0","buildName":"projects/1090766667506/locations/us-central1/builds/ad1be314-ab86-42ee-b365-ca8a6c1813b0","dockerRegistry":"ARTIFACT_REGISTRY"},"versionId":"4","updateTime":"2022-09-16T07:55:42Z"}}
[debug] [2022-09-16T07:55:42.247Z] >>> [apiv2][query] GET https://cloudfunctions.googleapis.com/v1/operations/c2FyYW1tb2EtY2M0NDQvdXMtY2VudHJhbDEvc2V0RGVmYXVsdFVzZXJJbmZvL0FrYzkyR0paNHRN [none]
[debug] [2022-09-16T07:55:43.065Z] <<< [apiv2][status] GET https://cloudfunctions.googleapis.com/v1/operations/c2FyYW1tb2EtY2M0NDQvdXMtY2VudHJhbDEvc2V0RGVmYXVsdFVzZXJJbmZvL0FrYzkyR0paNHRN 200
[debug] [2022-09-16T07:55:43.066Z] <<< [apiv2][body] GET https://cloudfunctions.googleapis.com/v1/operations/c2FyYW1tb2EtY2M0NDQvdXMtY2VudHJhbDEvc2V0RGVmYXVsdFVzZXJJbmZvL0FrYzkyR0paNHRN {"name":"operations/c2FyYW1tb2EtY2M0NDQvdXMtY2VudHJhbDEvc2V0RGVmYXVsdFVzZXJJbmZvL0FrYzkyR0paNHRN","metadata":{"@type":"type.googleapis.com/google.cloud.functions.v1.OperationMetadataV1","target":"projects/sarammoa-cc444/locations/us-central1/functions/setDefaultUserInfo","type":"UPDATE_FUNCTION","request":{"@type":"type.googleapis.com/google.cloud.functions.v1.CloudFunction","name":"projects/sarammoa-cc444/locations/us-central1/functions/setDefaultUserInfo","eventTrigger":{"eventType":"providers/cloud.firestore/eventTypes/document.create","resource":"projects/sarammoa-cc444/databases/(default)/documents/users/{userId}","service":"firestore.googleapis.com"},"status":"ACTIVE","entryPoint":"setDefaultUserInfo","timeout":"60s","availableMemoryMb":256,"serviceAccountEmail":"sarammoa-cc444@appspot.gserviceaccount.com","updateTime":"2022-09-16T06:31:52.291Z","versionId":"3","labels":{"deployment-tool":"cli-firebase"},"sourceUploadUrl":"https://storage.googleapis.com/uploads-445018486662.us-central1.cloudfunctions.appspot.com/46519131-d7a1-4f31-88fa-02f94cbe5a99.zip?GoogleAccessId=service-1090766667506@gcf-admin-robot.iam.gserviceaccount.com&Expires=1663316719&Signature=u75%2BmDKSDf%2FPz59QGFMX0yDrIZkDcms%2FjVG8LCYhRWGxqIANwjji3TPBdNL7zDrmZ9q%2F6Y8IlUolYkfHq5rMuGsyI%2BXatlYQIfDk%2F4EjilKY49bqBpQqUhayKBb36EBizpmnr11RmFETFEMSmmFQP7%2BgSRUSN9om1k1SdDzyX8TB5ETHliyx3ZhjaJSDUBltm5R8InrYtIIi24GwgVIlQn1tQgE7QvQhoiwRSZW0GPY6d7LD2Q%2Fc%2Ftfs7mkJ9l4xk0Quhg%2B5U8PazOd0NzpYYyYlDFRAkXQoorVNG7FI3FtPATr3AS32InNLvaxk5Empp0Il8%2BcTW1kePFd%2FEoOMiQ%3D%3D","environmentVariables":{"FIREBASE_CONFIG":"{\"projectId\":\"sarammoa-cc444\",\"storageBucket\":\"sarammoa-cc444.appspot.com\",\"locationId\":\"asia-northeast3\"}","GCLOUD_PROJECT":"sarammoa-cc444"},"runtime":"nodejs16","ingressSettings":"ALLOW_ALL","buildId":"ad1be314-ab86-42ee-b365-ca8a6c1813b0","buildName":"projects/1090766667506/locations/us-central1/builds/ad1be314-ab86-42ee-b365-ca8a6c1813b0","dockerRegistry":"ARTIFACT_REGISTRY"},"versionId":"4","updateTime":"2022-09-16T07:55:42Z"}}
[debug] [2022-09-16T07:55:43.568Z] [update-default-us-central1-setDefaultUserInfo] Retrying task index 0
[debug] [2022-09-16T07:55:43.569Z] >>> [apiv2][query] GET https://cloudfunctions.googleapis.com/v1/operations/c2FyYW1tb2EtY2M0NDQvdXMtY2VudHJhbDEvc2V0RGVmYXVsdFVzZXJJbmZvL0FrYzkyR0paNHRN [none]
[debug] [2022-09-16T07:55:44.294Z] <<< [apiv2][status] GET https://cloudfunctions.googleapis.com/v1/operations/c2FyYW1tb2EtY2M0NDQvdXMtY2VudHJhbDEvc2V0RGVmYXVsdFVzZXJJbmZvL0FrYzkyR0paNHRN 200
[debug] [2022-09-16T07:55:44.295Z] <<< [apiv2][body] GET https://cloudfunctions.googleapis.com/v1/operations/c2FyYW1tb2EtY2M0NDQvdXMtY2VudHJhbDEvc2V0RGVmYXVsdFVzZXJJbmZvL0FrYzkyR0paNHRN {"name":"operations/c2FyYW1tb2EtY2M0NDQvdXMtY2VudHJhbDEvc2V0RGVmYXVsdFVzZXJJbmZvL0FrYzkyR0paNHRN","metadata":{"@type":"type.googleapis.com/google.cloud.functions.v1.OperationMetadataV1","target":"projects/sarammoa-cc444/locations/us-central1/functions/setDefaultUserInfo","type":"UPDATE_FUNCTION","request":{"@type":"type.googleapis.com/google.cloud.functions.v1.CloudFunction","name":"projects/sarammoa-cc444/locations/us-central1/functions/setDefaultUserInfo","eventTrigger":{"eventType":"providers/cloud.firestore/eventTypes/document.create","resource":"projects/sarammoa-cc444/databases/(default)/documents/users/{userId}","service":"firestore.googleapis.com"},"status":"ACTIVE","entryPoint":"setDefaultUserInfo","timeout":"60s","availableMemoryMb":256,"serviceAccountEmail":"sarammoa-cc444@appspot.gserviceaccount.com","updateTime":"2022-09-16T06:31:52.291Z","versionId":"3","labels":{"deployment-tool":"cli-firebase"},"sourceUploadUrl":"https://storage.googleapis.com/uploads-445018486662.us-central1.cloudfunctions.appspot.com/46519131-d7a1-4f31-88fa-02f94cbe5a99.zip?GoogleAccessId=service-1090766667506@gcf-admin-robot.iam.gserviceaccount.com&Expires=1663316719&Signature=u75%2BmDKSDf%2FPz59QGFMX0yDrIZkDcms%2FjVG8LCYhRWGxqIANwjji3TPBdNL7zDrmZ9q%2F6Y8IlUolYkfHq5rMuGsyI%2BXatlYQIfDk%2F4EjilKY49bqBpQqUhayKBb36EBizpmnr11RmFETFEMSmmFQP7%2BgSRUSN9om1k1SdDzyX8TB5ETHliyx3ZhjaJSDUBltm5R8InrYtIIi24GwgVIlQn1tQgE7QvQhoiwRSZW0GPY6d7LD2Q%2Fc%2Ftfs7mkJ9l4xk0Quhg%2B5U8PazOd0NzpYYyYlDFRAkXQoorVNG7FI3FtPATr3AS32InNLvaxk5Empp0Il8%2BcTW1kePFd%2FEoOMiQ%3D%3D","environmentVariables":{"FIREBASE_CONFIG":"{\"projectId\":\"sarammoa-cc444\",\"storageBucket\":\"sarammoa-cc444.appspot.com\",\"locationId\":\"asia-northeast3\"}","GCLOUD_PROJECT":"sarammoa-cc444"},"runtime":"nodejs16","ingressSettings":"ALLOW_ALL","buildId":"ad1be314-ab86-42ee-b365-ca8a6c1813b0","buildName":"projects/1090766667506/locations/us-central1/builds/ad1be314-ab86-42ee-b365-ca8a6c1813b0","dockerRegistry":"ARTIFACT_REGISTRY"},"versionId":"4","updateTime":"2022-09-16T07:55:42Z","buildId":"4ffa4ca4-7fa3-46f9-82e3-1d7f873363bd","buildName":"projects/1090766667506/locations/us-central1/builds/4ffa4ca4-7fa3-46f9-82e3-1d7f873363bd"}}
[debug] [2022-09-16T07:55:45.296Z] [update-default-us-central1-setDefaultUserInfo] Retrying task index 0
[debug] [2022-09-16T07:55:45.297Z] >>> [apiv2][query] GET https://cloudfunctions.googleapis.com/v1/operations/c2FyYW1tb2EtY2M0NDQvdXMtY2VudHJhbDEvc2V0RGVmYXVsdFVzZXJJbmZvL0FrYzkyR0paNHRN [none]
[debug] [2022-09-16T07:55:45.931Z] <<< [apiv2][status] GET https://cloudfunctions.googleapis.com/v1/operations/c2FyYW1tb2EtY2M0NDQvdXMtY2VudHJhbDEvc2V0RGVmYXVsdFVzZXJJbmZvL0FrYzkyR0paNHRN 200
[debug] [2022-09-16T07:55:45.932Z] <<< [apiv2][body] GET https://cloudfunctions.googleapis.com/v1/operations/c2FyYW1tb2EtY2M0NDQvdXMtY2VudHJhbDEvc2V0RGVmYXVsdFVzZXJJbmZvL0FrYzkyR0paNHRN {"name":"operations/c2FyYW1tb2EtY2M0NDQvdXMtY2VudHJhbDEvc2V0RGVmYXVsdFVzZXJJbmZvL0FrYzkyR0paNHRN","metadata":{"@type":"type.googleapis.com/google.cloud.functions.v1.OperationMetadataV1","target":"projects/sarammoa-cc444/locations/us-central1/functions/setDefaultUserInfo","type":"UPDATE_FUNCTION","request":{"@type":"type.googleapis.com/google.cloud.functions.v1.CloudFunction","name":"projects/sarammoa-cc444/locations/us-central1/functions/setDefaultUserInfo","eventTrigger":{"eventType":"providers/cloud.firestore/eventTypes/document.create","resource":"projects/sarammoa-cc444/databases/(default)/documents/users/{userId}","service":"firestore.googleapis.com"},"status":"ACTIVE","entryPoint":"setDefaultUserInfo","timeout":"60s","availableMemoryMb":256,"serviceAccountEmail":"sarammoa-cc444@appspot.gserviceaccount.com","updateTime":"2022-09-16T06:31:52.291Z","versionId":"3","labels":{"deployment-tool":"cli-firebase"},"sourceUploadUrl":"https://storage.googleapis.com/uploads-445018486662.us-central1.cloudfunctions.appspot.com/46519131-d7a1-4f31-88fa-02f94cbe5a99.zip?GoogleAccessId=service-1090766667506@gcf-admin-robot.iam.gserviceaccount.com&Expires=1663316719&Signature=u75%2BmDKSDf%2FPz59QGFMX0yDrIZkDcms%2FjVG8LCYhRWGxqIANwjji3TPBdNL7zDrmZ9q%2F6Y8IlUolYkfHq5rMuGsyI%2BXatlYQIfDk%2F4EjilKY49bqBpQqUhayKBb36EBizpmnr11RmFETFEMSmmFQP7%2BgSRUSN9om1k1SdDzyX8TB5ETHliyx3ZhjaJSDUBltm5R8InrYtIIi24GwgVIlQn1tQgE7QvQhoiwRSZW0GPY6d7LD2Q%2Fc%2Ftfs7mkJ9l4xk0Quhg%2B5U8PazOd0NzpYYyYlDFRAkXQoorVNG7FI3FtPATr3AS32InNLvaxk5Empp0Il8%2BcTW1kePFd%2FEoOMiQ%3D%3D","environmentVariables":{"FIREBASE_CONFIG":"{\"projectId\":\"sarammoa-cc444\",\"storageBucket\":\"sarammoa-cc444.appspot.com\",\"locationId\":\"asia-northeast3\"}","GCLOUD_PROJECT":"sarammoa-cc444"},"runtime":"nodejs16","ingressSettings":"ALLOW_ALL","buildId":"ad1be314-ab86-42ee-b365-ca8a6c1813b0","buildName":"projects/1090766667506/locations/us-central1/builds/ad1be314-ab86-42ee-b365-ca8a6c1813b0","dockerRegistry":"ARTIFACT_REGISTRY"},"versionId":"4","updateTime":"2022-09-16T07:55:42Z","buildId":"4ffa4ca4-7fa3-46f9-82e3-1d7f873363bd","buildName":"projects/1090766667506/locations/us-central1/builds/4ffa4ca4-7fa3-46f9-82e3-1d7f873363bd"}}
[debug] [2022-09-16T07:55:47.934Z] [update-default-us-central1-setDefaultUserInfo] Retrying task index 0
[debug] [2022-09-16T07:55:47.935Z] >>> [apiv2][query] GET https://cloudfunctions.googleapis.com/v1/operations/c2FyYW1tb2EtY2M0NDQvdXMtY2VudHJhbDEvc2V0RGVmYXVsdFVzZXJJbmZvL0FrYzkyR0paNHRN [none]
[debug] [2022-09-16T07:55:48.696Z] <<< [apiv2][status] GET https://cloudfunctions.googleapis.com/v1/operations/c2FyYW1tb2EtY2M0NDQvdXMtY2VudHJhbDEvc2V0RGVmYXVsdFVzZXJJbmZvL0FrYzkyR0paNHRN 200
[debug] [2022-09-16T07:55:48.697Z] <<< [apiv2][body] GET https://cloudfunctions.googleapis.com/v1/operations/c2FyYW1tb2EtY2M0NDQvdXMtY2VudHJhbDEvc2V0RGVmYXVsdFVzZXJJbmZvL0FrYzkyR0paNHRN {"name":"operations/c2FyYW1tb2EtY2M0NDQvdXMtY2VudHJhbDEvc2V0RGVmYXVsdFVzZXJJbmZvL0FrYzkyR0paNHRN","metadata":{"@type":"type.googleapis.com/google.cloud.functions.v1.OperationMetadataV1","target":"projects/sarammoa-cc444/locations/us-central1/functions/setDefaultUserInfo","type":"UPDATE_FUNCTION","request":{"@type":"type.googleapis.com/google.cloud.functions.v1.CloudFunction","name":"projects/sarammoa-cc444/locations/us-central1/functions/setDefaultUserInfo","eventTrigger":{"eventType":"providers/cloud.firestore/eventTypes/document.create","resource":"projects/sarammoa-cc444/databases/(default)/documents/users/{userId}","service":"firestore.googleapis.com"},"status":"ACTIVE","entryPoint":"setDefaultUserInfo","timeout":"60s","availableMemoryMb":256,"serviceAccountEmail":"sarammoa-cc444@appspot.gserviceaccount.com","updateTime":"2022-09-16T06:31:52.291Z","versionId":"3","labels":{"deployment-tool":"cli-firebase"},"sourceUploadUrl":"https://storage.googleapis.com/uploads-445018486662.us-central1.cloudfunctions.appspot.com/46519131-d7a1-4f31-88fa-02f94cbe5a99.zip?GoogleAccessId=service-1090766667506@gcf-admin-robot.iam.gserviceaccount.com&Expires=1663316719&Signature=u75%2BmDKSDf%2FPz59QGFMX0yDrIZkDcms%2FjVG8LCYhRWGxqIANwjji3TPBdNL7zDrmZ9q%2F6Y8IlUolYkfHq5rMuGsyI%2BXatlYQIfDk%2F4EjilKY49bqBpQqUhayKBb36EBizpmnr11RmFETFEMSmmFQP7%2BgSRUSN9om1k1SdDzyX8TB5ETHliyx3ZhjaJSDUBltm5R8InrYtIIi24GwgVIlQn1tQgE7QvQhoiwRSZW0GPY6d7LD2Q%2Fc%2Ftfs7mkJ9l4xk0Quhg%2B5U8PazOd0NzpYYyYlDFRAkXQoorVNG7FI3FtPATr3AS32InNLvaxk5Empp0Il8%2BcTW1kePFd%2FEoOMiQ%3D%3D","environmentVariables":{"FIREBASE_CONFIG":"{\"projectId\":\"sarammoa-cc444\",\"storageBucket\":\"sarammoa-cc444.appspot.com\",\"locationId\":\"asia-northeast3\"}","GCLOUD_PROJECT":"sarammoa-cc444"},"runtime":"nodejs16","ingressSettings":"ALLOW_ALL","buildId":"ad1be314-ab86-42ee-b365-ca8a6c1813b0","buildName":"projects/1090766667506/locations/us-central1/builds/ad1be314-ab86-42ee-b365-ca8a6c1813b0","dockerRegistry":"ARTIFACT_REGISTRY"},"versionId":"4","updateTime":"2022-09-16T07:55:42Z","buildId":"4ffa4ca4-7fa3-46f9-82e3-1d7f873363bd","buildName":"projects/1090766667506/locations/us-central1/builds/4ffa4ca4-7fa3-46f9-82e3-1d7f873363bd"}}
